# JRE version: Java(TM) SE Runtime Environment (8.0_161-b12) (build 1.8.0_161-b12)
# Java VM: Java HotSpot(TM) 64-Bit Server VM (25.161-b12 mixed mode windows-amd64 compressed oops)
Heap:
 PSYoungGen      total 138752K, used 25488K [0x00000000d5800000, 0x00000000e0600000, 0x0000000100000000)
  eden space 125952K, 20% used [0x00000000d5800000,0x00000000d70e40b0,0x00000000dd300000)
  from space 12800K, 0% used [0x00000000df980000,0x00000000df980000,0x00000000e0600000)
  to   space 10240K, 0% used [0x00000000dd300000,0x00000000dd300000,0x00000000ddd00000)
 ParOldGen       total 60928K, used 13660K [0x0000000080800000, 0x0000000084380000, 0x00000000d5800000)
  object space 60928K, 22% used [0x0000000080800000,0x0000000081557270,0x0000000084380000)
 Metaspace       used 36682K, capacity 38596K, committed 38696K, reserved 1083392K
  class space    used 5004K, capacity 5367K, committed 5416K, reserved 1048576K
GC Heap History (10 events):
Event: 1.653 GC heap before
{Heap before GC invocations=6 (full 1):
 PSYoungGen      total 71680K, used 5116K [0x00000000d5800000, 0x00000000dee00000, 0x0000000100000000)
  eden space 66560K, 0% used [0x00000000d5800000,0x00000000d5800000,0x00000000d9900000)
  from space 5120K, 99% used [0x00000000d9900000,0x00000000d9dff000,0x00000000d9e00000)
  to   space 10240K, 0% used [0x00000000de400000,0x00000000de400000,0x00000000dee00000)
 ParOldGen       total 87552K, used 5507K [0x0000000080800000, 0x0000000085d80000, 0x00000000d5800000)
  object space 87552K, 6% used [0x0000000080800000,0x0000000080d60cb8,0x0000000085d80000)
 Metaspace       used 20538K, capacity 21176K, committed 21296K, reserved 1067008K
  class space    used 2685K, capacity 2864K, committed 2944K, reserved 1048576K
Event: 1.681 GC heap after
Heap after GC invocations=6 (full 1):
 PSYoungGen      total 71680K, used 0K [0x00000000d5800000, 0x00000000dee00000, 0x0000000100000000)
  eden space 66560K, 0% used [0x00000000d5800000,0x00000000d5800000,0x00000000d9900000)
  from space 5120K, 0% used [0x00000000d9900000,0x00000000d9900000,0x00000000d9e00000)
  to   space 10240K, 0% used [0x00000000de400000,0x00000000de400000,0x00000000dee00000)
 ParOldGen       total 60928K, used 9208K [0x0000000080800000, 0x0000000084380000, 0x00000000d5800000)
  object space 60928K, 15% used [0x0000000080800000,0x00000000810fe2e8,0x0000000084380000)
 Metaspace       used 20538K, capacity 21176K, committed 21296K, reserved 1067008K
  class space    used 2685K, capacity 2864K, committed 2944K, reserved 1048576K
}
Event: 2.162 GC heap before
{Heap before GC invocations=7 (full 1):
 PSYoungGen      total 71680K, used 66560K [0x00000000d5800000, 0x00000000dee00000, 0x0000000100000000)
  eden space 66560K, 100% used [0x00000000d5800000,0x00000000d9900000,0x00000000d9900000)
  from space 5120K, 0% used [0x00000000d9900000,0x00000000d9900000,0x00000000d9e00000)
  to   space 10240K, 0% used [0x00000000de400000,0x00000000de400000,0x00000000dee00000)
 ParOldGen       total 60928K, used 9208K [0x0000000080800000, 0x0000000084380000, 0x00000000d5800000)
  object space 60928K, 15% used [0x0000000080800000,0x00000000810fe2e8,0x0000000084380000)
 Metaspace       used 22046K, capacity 22982K, committed 23168K, reserved 1069056K
  class space    used 2872K, capacity 3081K, committed 3200K, reserved 1048576K
Event: 2.170 GC heap after
Heap after GC invocations=7 (full 1):
 PSYoungGen      total 105472K, used 2793K [0x00000000d5800000, 0x00000000de700000, 0x0000000100000000)
  eden space 102400K, 0% used [0x00000000d5800000,0x00000000d5800000,0x00000000dbc00000)
  from space 3072K, 90% used [0x00000000de400000,0x00000000de6ba528,0x00000000de700000)
  to   space 10240K, 0% used [0x00000000dd300000,0x00000000dd300000,0x00000000ddd00000)
 ParOldGen       total 60928K, used 9216K [0x0000000080800000, 0x0000000084380000, 0x00000000d5800000)
  object space 60928K, 15% used [0x0000000080800000,0x00000000811002e8,0x0000000084380000)
 Metaspace       used 22046K, capacity 22982K, committed 23168K, reserved 1069056K
  class space    used 2872K, capacity 3081K, committed 3200K, reserved 1048576K
}
Event: 3.817 GC heap before
{Heap before GC invocations=8 (full 1):
 PSYoungGen      total 105472K, used 105188K [0x00000000d5800000, 0x00000000de700000, 0x0000000100000000)
  eden space 102400K, 99% used [0x00000000d5800000,0x00000000dbbfed98,0x00000000dbc00000)
  from space 3072K, 90% used [0x00000000de400000,0x00000000de6ba528,0x00000000de700000)
  to   space 10240K, 0% used [0x00000000dd300000,0x00000000dd300000,0x00000000ddd00000)
 ParOldGen       total 60928K, used 9216K [0x0000000080800000, 0x0000000084380000, 0x00000000d5800000)
  object space 60928K, 15% used [0x0000000080800000,0x00000000811002e8,0x0000000084380000)
 Metaspace       used 30046K, capacity 31784K, committed 32000K, reserved 1077248K
  class space    used 3977K, capacity 4315K, committed 4352K, reserved 1048576K
Event: 3.827 GC heap after
Heap after GC invocations=8 (full 1):
 PSYoungGen      total 136192K, used 10239K [0x00000000d5800000, 0x00000000e0600000, 0x0000000100000000)
  eden space 125952K, 0% used [0x00000000d5800000,0x00000000d5800000,0x00000000dd300000)
  from space 10240K, 99% used [0x00000000dd300000,0x00000000ddcffe08,0x00000000ddd00000)
  to   space 12800K, 0% used [0x00000000df980000,0x00000000df980000,0x00000000e0600000)
 ParOldGen       total 60928K, used 10817K [0x0000000080800000, 0x0000000084380000, 0x00000000d5800000)
  object space 60928K, 17% used [0x0000000080800000,0x00000000812907c8,0x0000000084380000)
 Metaspace       used 30046K, capacity 31784K, committed 32000K, reserved 1077248K
  class space    used 3977K, capacity 4315K, committed 4352K, reserved 1048576K
}
Event: 4.576 GC heap before
{Heap before GC invocations=9 (full 1):
 PSYoungGen      total 136192K, used 117309K [0x00000000d5800000, 0x00000000e0600000, 0x0000000100000000)
  eden space 125952K, 85% used [0x00000000d5800000,0x00000000dc08f9c0,0x00000000dd300000)
  from space 10240K, 99% used [0x00000000dd300000,0x00000000ddcffe08,0x00000000ddd00000)
  to   space 12800K, 0% used [0x00000000df980000,0x00000000df980000,0x00000000e0600000)
 ParOldGen       total 60928K, used 10817K [0x0000000080800000, 0x0000000084380000, 0x00000000d5800000)
  object space 60928K, 17% used [0x0000000080800000,0x00000000812907c8,0x0000000084380000)
 Metaspace       used 33644K, capacity 35466K, committed 35496K, reserved 1079296K
  class space    used 4429K, capacity 4762K, committed 4776K, reserved 1048576K
Event: 4.584 GC heap after
Heap after GC invocations=9 (full 1):
 PSYoungGen      total 138752K, used 9707K [0x00000000d5800000, 0x00000000e0600000, 0x0000000100000000)
  eden space 125952K, 0% used [0x00000000d5800000,0x00000000d5800000,0x00000000dd300000)
  from space 12800K, 75% used [0x00000000df980000,0x00000000e02fadb8,0x00000000e0600000)
  to   space 10240K, 0% used [0x00000000dd300000,0x00000000dd300000,0x00000000ddd00000)
 ParOldGen       total 60928K, used 10825K [0x0000000080800000, 0x0000000084380000, 0x00000000d5800000)
  object space 60928K, 17% used [0x0000000080800000,0x00000000812927c8,0x0000000084380000)
 Metaspace       used 33644K, capacity 35466K, committed 35496K, reserved 1079296K
  class space    used 4429K, capacity 4762K, committed 4776K, reserved 1048576K
}
Event: 4.584 GC heap before
{Heap before GC invocations=10 (full 2):
 PSYoungGen      total 138752K, used 9707K [0x00000000d5800000, 0x00000000e0600000, 0x0000000100000000)
  eden space 125952K, 0% used [0x00000000d5800000,0x00000000d5800000,0x00000000dd300000)
  from space 12800K, 75% used [0x00000000df980000,0x00000000e02fadb8,0x00000000e0600000)
  to   space 10240K, 0% used [0x00000000dd300000,0x00000000dd300000,0x00000000ddd00000)
 ParOldGen       total 60928K, used 10825K [0x0000000080800000, 0x0000000084380000, 0x00000000d5800000)
  object space 60928K, 17% used [0x0000000080800000,0x00000000812927c8,0x0000000084380000)
 Metaspace       used 33644K, capacity 35466K, committed 35496K, reserved 1079296K
  class space    used 4429K, capacity 4762K, committed 4776K, reserved 1048576K
Event: 4.636 GC heap after
Heap after GC invocations=10 (full 2):
 PSYoungGen      total 138752K, used 0K [0x00000000d5800000, 0x00000000e0600000, 0x0000000100000000)
  eden space 125952K, 0% used [0x00000000d5800000,0x00000000d5800000,0x00000000dd300000)
  from space 12800K, 0% used [0x00000000df980000,0x00000000df980000,0x00000000e0600000)
  to   space 10240K, 0% used [0x00000000dd300000,0x00000000dd300000,0x00000000ddd00000)
 ParOldGen       total 60928K, used 13660K [0x0000000080800000, 0x0000000084380000, 0x00000000d5800000)
  object space 60928K, 22% used [0x0000000080800000,0x0000000081557270,0x0000000084380000)
 Metaspace       used 33644K, capacity 35466K, committed 35496K, reserved 1079296K
  class space    used 4429K, capacity 4762K, committed 4776K, reserved 1048576K
}

