# JRE version: Java(TM) SE Runtime Environment (8.0_161-b12) (build 1.8.0_161-b12)
# Java VM: Java HotSpot(TM) 64-Bit Server VM (25.161-b12 mixed mode windows-amd64 compressed oops)
Heap:
 PSYoungGen      total 115712K, used 100574K [0x00000000d5800000, 0x00000000de680000, 0x0000000100000000)
  eden space 105984K, 85% used [0x00000000d5800000,0x00000000db0b8390,0x00000000dbf80000)
  from space 9728K, 99% used [0x00000000dd380000,0x00000000ddcff700,0x00000000ddd00000)
  to   space 3072K, 0% used [0x00000000de380000,0x00000000de380000,0x00000000de680000)
 ParOldGen       total 58880K, used 11143K [0x0000000080800000, 0x0000000084180000, 0x00000000d5800000)
  object space 58880K, 18% used [0x0000000080800000,0x00000000812e1cf8,0x0000000084180000)
 Metaspace       used 31876K, capacity 33717K, committed 34048K, reserved 1079296K
  class space    used 4198K, capacity 4532K, committed 4608K, reserved 1048576K
GC Heap History (10 events):
Event: 1.328 GC heap before
{Heap before GC invocations=4 (full 0):
 PSYoungGen      total 38400K, used 38369K [0x00000000d5800000, 0x00000000da300000, 0x0000000100000000)
  eden space 33280K, 100% used [0x00000000d5800000,0x00000000d7880000,0x00000000d7880000)
  from space 5120K, 99% used [0x00000000d7880000,0x00000000d7d78410,0x00000000d7d80000)
  to   space 5120K, 0% used [0x00000000d9e00000,0x00000000d9e00000,0x00000000da300000)
 ParOldGen       total 87552K, used 120K [0x0000000080800000, 0x0000000085d80000, 0x00000000d5800000)
  object space 87552K, 0% used [0x0000000080800000,0x000000008081e0b8,0x0000000085d80000)
 Metaspace       used 15001K, capacity 15550K, committed 15744K, reserved 1062912K
  class space    used 1983K, capacity 2139K, committed 2176K, reserved 1048576K
Event: 1.334 GC heap after
Heap after GC invocations=4 (full 0):
 PSYoungGen      total 71680K, used 5094K [0x00000000d5800000, 0x00000000da300000, 0x0000000100000000)
  eden space 66560K, 0% used [0x00000000d5800000,0x00000000d5800000,0x00000000d9900000)
  from space 5120K, 99% used [0x00000000d9e00000,0x00000000da2f9ab0,0x00000000da300000)
  to   space 5120K, 0% used [0x00000000d9900000,0x00000000d9900000,0x00000000d9e00000)
 ParOldGen       total 87552K, used 1225K [0x0000000080800000, 0x0000000085d80000, 0x00000000d5800000)
  object space 87552K, 1% used [0x0000000080800000,0x0000000080932780,0x0000000085d80000)
 Metaspace       used 15001K, capacity 15550K, committed 15744K, reserved 1062912K
  class space    used 1983K, capacity 2139K, committed 2176K, reserved 1048576K
}
Event: 1.617 GC heap before
{Heap before GC invocations=5 (full 0):
 PSYoungGen      total 71680K, used 46379K [0x00000000d5800000, 0x00000000da300000, 0x0000000100000000)
  eden space 66560K, 62% used [0x00000000d5800000,0x00000000d80512e0,0x00000000d9900000)
  from space 5120K, 99% used [0x00000000d9e00000,0x00000000da2f9ab0,0x00000000da300000)
  to   space 5120K, 0% used [0x00000000d9900000,0x00000000d9900000,0x00000000d9e00000)
 ParOldGen       total 87552K, used 1225K [0x0000000080800000, 0x0000000085d80000, 0x00000000d5800000)
  object space 87552K, 1% used [0x0000000080800000,0x0000000080932780,0x0000000085d80000)
 Metaspace       used 20508K, capacity 21217K, committed 21296K, reserved 1067008K
  class space    used 2680K, capacity 2865K, committed 2944K, reserved 1048576K
Event: 1.627 GC heap after
Heap after GC invocations=5 (full 0):
 PSYoungGen      total 71680K, used 5107K [0x00000000d5800000, 0x00000000ded00000, 0x0000000100000000)
  eden space 66560K, 0% used [0x00000000d5800000,0x00000000d5800000,0x00000000d9900000)
  from space 5120K, 99% used [0x00000000d9900000,0x00000000d9dfcf00,0x00000000d9e00000)
  to   space 9728K, 0% used [0x00000000de380000,0x00000000de380000,0x00000000ded00000)
 ParOldGen       total 87552K, used 5509K [0x0000000080800000, 0x0000000085d80000, 0x00000000d5800000)
  object space 87552K, 6% used [0x0000000080800000,0x0000000080d61740,0x0000000085d80000)
 Metaspace       used 20508K, capacity 21217K, committed 21296K, reserved 1067008K
  class space    used 2680K, capacity 2865K, committed 2944K, reserved 1048576K
}
Event: 1.627 GC heap before
{Heap before GC invocations=6 (full 1):
 PSYoungGen      total 71680K, used 5107K [0x00000000d5800000, 0x00000000ded00000, 0x0000000100000000)
  eden space 66560K, 0% used [0x00000000d5800000,0x00000000d5800000,0x00000000d9900000)
  from space 5120K, 99% used [0x00000000d9900000,0x00000000d9dfcf00,0x00000000d9e00000)
  to   space 9728K, 0% used [0x00000000de380000,0x00000000de380000,0x00000000ded00000)
 ParOldGen       total 87552K, used 5509K [0x0000000080800000, 0x0000000085d80000, 0x00000000d5800000)
  object space 87552K, 6% used [0x0000000080800000,0x0000000080d61740,0x0000000085d80000)
 Metaspace       used 20508K, capacity 21217K, committed 21296K, reserved 1067008K
  class space    used 2680K, capacity 2865K, committed 2944K, reserved 1048576K
Event: 1.650 GC heap after
Heap after GC invocations=6 (full 1):
 PSYoungGen      total 71680K, used 0K [0x00000000d5800000, 0x00000000ded00000, 0x0000000100000000)
  eden space 66560K, 0% used [0x00000000d5800000,0x00000000d5800000,0x00000000d9900000)
  from space 5120K, 0% used [0x00000000d9900000,0x00000000d9900000,0x00000000d9e00000)
  to   space 9728K, 0% used [0x00000000de380000,0x00000000de380000,0x00000000ded00000)
 ParOldGen       total 58880K, used 9090K [0x0000000080800000, 0x0000000084180000, 0x00000000d5800000)
  object space 58880K, 15% used [0x0000000080800000,0x00000000810e09d0,0x0000000084180000)
 Metaspace       used 20508K, capacity 21217K, committed 21296K, reserved 1067008K
  class space    used 2680K, capacity 2865K, committed 2944K, reserved 1048576K
}
Event: 2.113 GC heap before
{Heap before GC invocations=7 (full 1):
 PSYoungGen      total 71680K, used 66560K [0x00000000d5800000, 0x00000000ded00000, 0x0000000100000000)
  eden space 66560K, 100% used [0x00000000d5800000,0x00000000d9900000,0x00000000d9900000)
  from space 5120K, 0% used [0x00000000d9900000,0x00000000d9900000,0x00000000d9e00000)
  to   space 9728K, 0% used [0x00000000de380000,0x00000000de380000,0x00000000ded00000)
 ParOldGen       total 58880K, used 9090K [0x0000000080800000, 0x0000000084180000, 0x00000000d5800000)
  object space 58880K, 15% used [0x0000000080800000,0x00000000810e09d0,0x0000000084180000)
 Metaspace       used 22085K, capacity 22909K, committed 23168K, reserved 1069056K
  class space    used 2875K, capacity 3081K, committed 3200K, reserved 1048576K
Event: 2.117 GC heap after
Heap after GC invocations=7 (full 1):
 PSYoungGen      total 109056K, used 3002K [0x00000000d5800000, 0x00000000de680000, 0x0000000100000000)
  eden space 105984K, 0% used [0x00000000d5800000,0x00000000d5800000,0x00000000dbf80000)
  from space 3072K, 97% used [0x00000000de380000,0x00000000de66e9b8,0x00000000de680000)
  to   space 9728K, 0% used [0x00000000dd380000,0x00000000dd380000,0x00000000ddd00000)
 ParOldGen       total 58880K, used 9098K [0x0000000080800000, 0x0000000084180000, 0x00000000d5800000)
  object space 58880K, 15% used [0x0000000080800000,0x00000000810e29d0,0x0000000084180000)
 Metaspace       used 22085K, capacity 22909K, committed 23168K, reserved 1069056K
  class space    used 2875K, capacity 3081K, committed 3200K, reserved 1048576K
}
Event: 3.798 GC heap before
{Heap before GC invocations=8 (full 1):
 PSYoungGen      total 109056K, used 108972K [0x00000000d5800000, 0x00000000de680000, 0x0000000100000000)
  eden space 105984K, 99% used [0x00000000d5800000,0x00000000dbf7c6b0,0x00000000dbf80000)
  from space 3072K, 97% used [0x00000000de380000,0x00000000de66e9b8,0x00000000de680000)
  to   space 9728K, 0% used [0x00000000dd380000,0x00000000dd380000,0x00000000ddd00000)
 ParOldGen       total 58880K, used 9098K [0x0000000080800000, 0x0000000084180000, 0x00000000d5800000)
  object space 58880K, 15% used [0x0000000080800000,0x00000000810e29d0,0x0000000084180000)
 Metaspace       used 29993K, capacity 31763K, committed 32000K, reserved 1077248K
  class space    used 3976K, capacity 4315K, committed 4352K, reserved 1048576K
Event: 3.811 GC heap after
Heap after GC invocations=8 (full 1):
 PSYoungGen      total 115712K, used 9725K [0x00000000d5800000, 0x00000000de680000, 0x0000000100000000)
  eden space 105984K, 0% used [0x00000000d5800000,0x00000000d5800000,0x00000000dbf80000)
  from space 9728K, 99% used [0x00000000dd380000,0x00000000ddcff700,0x00000000ddd00000)
  to   space 3072K, 0% used [0x00000000de380000,0x00000000de380000,0x00000000de680000)
 ParOldGen       total 58880K, used 11143K [0x0000000080800000, 0x0000000084180000, 0x00000000d5800000)
  object space 58880K, 18% used [0x0000000080800000,0x00000000812e1cf8,0x0000000084180000)
 Metaspace       used 29993K, capacity 31763K, committed 32000K, reserved 1077248K
  class space    used 3976K, capacity 4315K, committed 4352K, reserved 1048576K
}

