# JRE version: Java(TM) SE Runtime Environment (8.0_161-b12) (build 1.8.0_161-b12)
# Java VM: Java HotSpot(TM) 64-Bit Server VM (25.161-b12 mixed mode windows-amd64 compressed oops)
Heap:
 PSYoungGen      total 211968K, used 19065K [0x00000000d5800000, 0x00000000e3f00000, 0x0000000100000000)
  eden space 197632K, 9% used [0x00000000d5800000,0x00000000d6a9e718,0x00000000e1900000)
  from space 14336K, 0% used [0x00000000e3100000,0x00000000e3100000,0x00000000e3f00000)
  to   space 19456K, 0% used [0x00000000e1900000,0x00000000e1900000,0x00000000e2c00000)
 ParOldGen       total 123904K, used 22833K [0x0000000080800000, 0x0000000088100000, 0x00000000d5800000)
  object space 123904K, 18% used [0x0000000080800000,0x0000000081e4c788,0x0000000088100000)
 Metaspace       used 57994K, capacity 60994K, committed 61208K, reserved 1101824K
  class space    used 7929K, capacity 8434K, committed 8488K, reserved 1048576K
GC Heap History (10 events):
Event: 5.103 GC heap before
{Heap before GC invocations=9 (full 1):
 PSYoungGen      total 136192K, used 115447K [0x00000000d5800000, 0x00000000e0e00000, 0x0000000100000000)
  eden space 125952K, 83% used [0x00000000d5800000,0x00000000dbebf370,0x00000000dd300000)
  from space 10240K, 99% used [0x00000000dd300000,0x00000000ddcfe928,0x00000000ddd00000)
  to   space 12800K, 0% used [0x00000000e0180000,0x00000000e0180000,0x00000000e0e00000)
 ParOldGen       total 59392K, used 10698K [0x0000000080800000, 0x0000000084200000, 0x00000000d5800000)
  object space 59392K, 18% used [0x0000000080800000,0x0000000081272820,0x0000000084200000)
 Metaspace       used 33611K, capacity 35454K, committed 35496K, reserved 1079296K
  class space    used 4429K, capacity 4762K, committed 4776K, reserved 1048576K
Event: 5.111 GC heap after
Heap after GC invocations=9 (full 1):
 PSYoungGen      total 173056K, used 9638K [0x00000000d5800000, 0x00000000e2b00000, 0x0000000100000000)
  eden space 160256K, 0% used [0x00000000d5800000,0x00000000d5800000,0x00000000df480000)
  from space 12800K, 75% used [0x00000000e0180000,0x00000000e0ae9838,0x00000000e0e00000)
  to   space 13312K, 0% used [0x00000000df480000,0x00000000df480000,0x00000000e0180000)
 ParOldGen       total 59392K, used 10706K [0x0000000080800000, 0x0000000084200000, 0x00000000d5800000)
  object space 59392K, 18% used [0x0000000080800000,0x0000000081274820,0x0000000084200000)
 Metaspace       used 33611K, capacity 35454K, committed 35496K, reserved 1079296K
  class space    used 4429K, capacity 4762K, committed 4776K, reserved 1048576K
}
Event: 5.111 GC heap before
{Heap before GC invocations=10 (full 2):
 PSYoungGen      total 173056K, used 9638K [0x00000000d5800000, 0x00000000e2b00000, 0x0000000100000000)
  eden space 160256K, 0% used [0x00000000d5800000,0x00000000d5800000,0x00000000df480000)
  from space 12800K, 75% used [0x00000000e0180000,0x00000000e0ae9838,0x00000000e0e00000)
  to   space 13312K, 0% used [0x00000000df480000,0x00000000df480000,0x00000000e0180000)
 ParOldGen       total 59392K, used 10706K [0x0000000080800000, 0x0000000084200000, 0x00000000d5800000)
  object space 59392K, 18% used [0x0000000080800000,0x0000000081274820,0x0000000084200000)
 Metaspace       used 33611K, capacity 35454K, committed 35496K, reserved 1079296K
  class space    used 4429K, capacity 4762K, committed 4776K, reserved 1048576K
Event: 5.163 GC heap after
Heap after GC invocations=10 (full 2):
 PSYoungGen      total 173056K, used 0K [0x00000000d5800000, 0x00000000e2b00000, 0x0000000100000000)
  eden space 160256K, 0% used [0x00000000d5800000,0x00000000d5800000,0x00000000df480000)
  from space 12800K, 0% used [0x00000000e0180000,0x00000000e0180000,0x00000000e0e00000)
  to   space 13312K, 0% used [0x00000000df480000,0x00000000df480000,0x00000000e0180000)
 ParOldGen       total 87552K, used 13646K [0x0000000080800000, 0x0000000085d80000, 0x00000000d5800000)
  object space 87552K, 15% used [0x0000000080800000,0x0000000081553870,0x0000000085d80000)
 Metaspace       used 33611K, capacity 35454K, committed 35496K, reserved 1079296K
  class space    used 4429K, capacity 4762K, committed 4776K, reserved 1048576K
}
Event: 8.507 GC heap before
{Heap before GC invocations=11 (full 2):
 PSYoungGen      total 173056K, used 160256K [0x00000000d5800000, 0x00000000e2b00000, 0x0000000100000000)
  eden space 160256K, 100% used [0x00000000d5800000,0x00000000df480000,0x00000000df480000)
  from space 12800K, 0% used [0x00000000e0180000,0x00000000e0180000,0x00000000e0e00000)
  to   space 13312K, 0% used [0x00000000df480000,0x00000000df480000,0x00000000e0180000)
 ParOldGen       total 87552K, used 13646K [0x0000000080800000, 0x0000000085d80000, 0x00000000d5800000)
  object space 87552K, 15% used [0x0000000080800000,0x0000000081553870,0x0000000085d80000)
 Metaspace       used 51170K, capacity 53752K, committed 53800K, reserved 1095680K
  class space    used 7035K, capacity 7461K, committed 7464K, reserved 1048576K
Event: 8.535 GC heap after
Heap after GC invocations=11 (full 2):
 PSYoungGen      total 173568K, used 13292K [0x00000000d5800000, 0x00000000e4300000, 0x0000000100000000)
  eden space 160256K, 0% used [0x00000000d5800000,0x00000000d5800000,0x00000000df480000)
  from space 13312K, 99% used [0x00000000df480000,0x00000000e017b340,0x00000000e0180000)
  to   space 18432K, 0% used [0x00000000e3100000,0x00000000e3100000,0x00000000e4300000)
 ParOldGen       total 87552K, used 20891K [0x0000000080800000, 0x0000000085d80000, 0x00000000d5800000)
  object space 87552K, 23% used [0x0000000080800000,0x0000000081c66ea8,0x0000000085d80000)
 Metaspace       used 51170K, capacity 53752K, committed 53800K, reserved 1095680K
  class space    used 7035K, capacity 7461K, committed 7464K, reserved 1048576K
}
Event: 23.844 GC heap before
{Heap before GC invocations=12 (full 2):
 PSYoungGen      total 173568K, used 71766K [0x00000000d5800000, 0x00000000e4300000, 0x0000000100000000)
  eden space 160256K, 36% used [0x00000000d5800000,0x00000000d911a638,0x00000000df480000)
  from space 13312K, 99% used [0x00000000df480000,0x00000000e017b340,0x00000000e0180000)
  to   space 18432K, 0% used [0x00000000e3100000,0x00000000e3100000,0x00000000e4300000)
 ParOldGen       total 87552K, used 20891K [0x0000000080800000, 0x0000000085d80000, 0x00000000d5800000)
  object space 87552K, 23% used [0x0000000080800000,0x0000000081c66ea8,0x0000000085d80000)
 Metaspace       used 56178K, capacity 59096K, committed 59160K, reserved 1099776K
  class space    used 7711K, capacity 8195K, committed 8232K, reserved 1048576K
Event: 23.858 GC heap after
Heap after GC invocations=12 (full 2):
 PSYoungGen      total 211968K, used 13632K [0x00000000d5800000, 0x00000000e3f00000, 0x0000000100000000)
  eden space 197632K, 0% used [0x00000000d5800000,0x00000000d5800000,0x00000000e1900000)
  from space 14336K, 95% used [0x00000000e3100000,0x00000000e3e50380,0x00000000e3f00000)
  to   space 19456K, 0% used [0x00000000e1900000,0x00000000e1900000,0x00000000e2c00000)
 ParOldGen       total 87552K, used 20899K [0x0000000080800000, 0x0000000085d80000, 0x00000000d5800000)
  object space 87552K, 23% used [0x0000000080800000,0x0000000081c68ea8,0x0000000085d80000)
 Metaspace       used 56178K, capacity 59096K, committed 59160K, reserved 1099776K
  class space    used 7711K, capacity 8195K, committed 8232K, reserved 1048576K
}
Event: 23.859 GC heap before
{Heap before GC invocations=13 (full 3):
 PSYoungGen      total 211968K, used 13632K [0x00000000d5800000, 0x00000000e3f00000, 0x0000000100000000)
  eden space 197632K, 0% used [0x00000000d5800000,0x00000000d5800000,0x00000000e1900000)
  from space 14336K, 95% used [0x00000000e3100000,0x00000000e3e50380,0x00000000e3f00000)
  to   space 19456K, 0% used [0x00000000e1900000,0x00000000e1900000,0x00000000e2c00000)
 ParOldGen       total 87552K, used 20899K [0x0000000080800000, 0x0000000085d80000, 0x00000000d5800000)
  object space 87552K, 23% used [0x0000000080800000,0x0000000081c68ea8,0x0000000085d80000)
 Metaspace       used 56178K, capacity 59096K, committed 59160K, reserved 1099776K
  class space    used 7711K, capacity 8195K, committed 8232K, reserved 1048576K
Event: 24.005 GC heap after
Heap after GC invocations=13 (full 3):
 PSYoungGen      total 211968K, used 0K [0x00000000d5800000, 0x00000000e3f00000, 0x0000000100000000)
  eden space 197632K, 0% used [0x00000000d5800000,0x00000000d5800000,0x00000000e1900000)
  from space 14336K, 0% used [0x00000000e3100000,0x00000000e3100000,0x00000000e3f00000)
  to   space 19456K, 0% used [0x00000000e1900000,0x00000000e1900000,0x00000000e2c00000)
 ParOldGen       total 123904K, used 22833K [0x0000000080800000, 0x0000000088100000, 0x00000000d5800000)
  object space 123904K, 18% used [0x0000000080800000,0x0000000081e4c788,0x0000000088100000)
 Metaspace       used 56178K, capacity 59096K, committed 59160K, reserved 1099776K
  class space    used 7711K, capacity 8195K, committed 8232K, reserved 1048576K
}

